<?xml version="1.0" encoding="UTF-8" ?>
<testsuite failures="0" time="1.882" errors="0" skipped="0" tests="1" name="com.kesstec.PersonDaoTest">
  <properties>
    <property name="java.runtime.name" value="Java(TM) SE Runtime Environment"/>
    <property name="sun.boot.library.path" value="/System/Library/Frameworks/JavaVM.framework/Versions/1.6.0/Libraries"/>
    <property name="java.vm.version" value="14.3-b01-101"/>
    <property name="awt.nativeDoubleBuffering" value="true"/>
    <property name="gopherProxySet" value="false"/>
    <property name="mrj.build" value="9M3125"/>
    <property name="java.vm.vendor" value="Apple Inc."/>
    <property name="java.vendor.url" value="http://www.apple.com/"/>
    <property name="path.separator" value=":"/>
    <property name="java.vm.name" value="Java HotSpot(TM) 64-Bit Server VM"/>
    <property name="file.encoding.pkg" value="sun.io"/>
    <property name="user.country" value="US"/>
    <property name="sun.java.launcher" value="SUN_STANDARD"/>
    <property name="sun.os.patch.level" value="unknown"/>
    <property name="java.vm.specification.name" value="Java Virtual Machine Specification"/>
    <property name="user.dir" value="/Users/dave/commons/my-webapp"/>
    <property name="java.runtime.version" value="1.6.0_17-b04-248-9M3125"/>
    <property name="java.awt.graphicsenv" value="apple.awt.CGraphicsEnvironment"/>
    <property name="basedir" value="/Users/dave/commons/my-webapp"/>
    <property name="java.endorsed.dirs" value="/System/Library/Frameworks/JavaVM.framework/Versions/1.6.0/Home/lib/endorsed"/>
    <property name="os.arch" value="x86_64"/>
    <property name="surefire.real.class.path" value="/var/folders/-M/-MuK9chUFZG5GAwjGb2LI++++TI/-Tmp-/surefirebooter115464835215729699.jar"/>
    <property name="java.io.tmpdir" value="/var/folders/-M/-MuK9chUFZG5GAwjGb2LI++++TI/-Tmp-/"/>
    <property name="line.separator" value="
"/>
    <property name="java.vm.specification.vendor" value="Sun Microsystems Inc."/>
    <property name="os.name" value="Mac OS X"/>
    <property name="sun.jnu.encoding" value="MacRoman"/>
    <property name="java.library.path" value=".:/Library/Java/Extensions:/System/Library/Java/Extensions:/usr/lib/java"/>
    <property name="surefire.test.class.path" value="/Users/dave/commons/my-webapp/target/test-classes:/Users/dave/commons/my-webapp/target/classes:/Users/dave/.m2/repository/junit/junit/4.8.1/junit-4.8.1.jar:/Users/dave/.m2/repository/commons-dbcp/commons-dbcp/1.4/commons-dbcp-1.4.jar:/Users/dave/.m2/repository/commons-pool/commons-pool/1.5.4/commons-pool-1.5.4.jar:/Users/dave/.m2/repository/hsqldb/hsqldb/1.8.0.7/hsqldb-1.8.0.7.jar:/Users/dave/.m2/repository/javax/transaction/jta/1.1/jta-1.1.jar:/Users/dave/.m2/repository/org/springframework/spring-webmvc/3.0.2.RELEASE/spring-webmvc-3.0.2.RELEASE.jar:/Users/dave/.m2/repository/org/springframework/spring-asm/3.0.2.RELEASE/spring-asm-3.0.2.RELEASE.jar:/Users/dave/.m2/repository/org/springframework/spring-beans/3.0.2.RELEASE/spring-beans-3.0.2.RELEASE.jar:/Users/dave/.m2/repository/org/springframework/spring-core/3.0.2.RELEASE/spring-core-3.0.2.RELEASE.jar:/Users/dave/.m2/repository/commons-logging/commons-logging/1.1/commons-logging-1.1.jar:/Users/dave/.m2/repository/org/springframework/spring-context/3.0.2.RELEASE/spring-context-3.0.2.RELEASE.jar:/Users/dave/.m2/repository/org/springframework/spring-aop/3.0.2.RELEASE/spring-aop-3.0.2.RELEASE.jar:/Users/dave/.m2/repository/aopalliance/aopalliance/1.0/aopalliance-1.0.jar:/Users/dave/.m2/repository/org/springframework/spring-expression/3.0.2.RELEASE/spring-expression-3.0.2.RELEASE.jar:/Users/dave/.m2/repository/org/springframework/spring-context-support/3.0.2.RELEASE/spring-context-support-3.0.2.RELEASE.jar:/Users/dave/.m2/repository/org/springframework/spring-web/3.0.2.RELEASE/spring-web-3.0.2.RELEASE.jar:/Users/dave/.m2/repository/org/springframework/spring-test/3.0.2.RELEASE/spring-test-3.0.2.RELEASE.jar:/Users/dave/.m2/repository/org/springframework/spring-jdbc/3.0.2.RELEASE/spring-jdbc-3.0.2.RELEASE.jar:/Users/dave/.m2/repository/org/springframework/spring-tx/3.0.2.RELEASE/spring-tx-3.0.2.RELEASE.jar:/Users/dave/.m2/repository/org/springframework/spring-orm/3.0.2.RELEASE/spring-orm-3.0.2.RELEASE.jar:/Users/dave/.m2/repository/org/springframework/spring-hibernate3/2.0.8/spring-hibernate3-2.0.8.jar:/Users/dave/.m2/repository/log4j/log4j/1.2.12/log4j-1.2.12.jar:/Users/dave/.m2/repository/logkit/logkit/1.0.1/logkit-1.0.1.jar:/Users/dave/.m2/repository/avalon-framework/avalon-framework/4.1.3/avalon-framework-4.1.3.jar:/Users/dave/.m2/repository/javax/servlet/servlet-api/2.3/servlet-api-2.3.jar:/Users/dave/.m2/repository/org/hibernate/hibernate/3.2.5.ga/hibernate-3.2.5.ga.jar:/Users/dave/.m2/repository/net/sf/ehcache/ehcache/1.2.3/ehcache-1.2.3.jar:/Users/dave/.m2/repository/commons-collections/commons-collections/2.1.1/commons-collections-2.1.1.jar:/Users/dave/.m2/repository/asm/asm-attrs/1.5.3/asm-attrs-1.5.3.jar:/Users/dave/.m2/repository/dom4j/dom4j/1.6.1/dom4j-1.6.1.jar:/Users/dave/.m2/repository/antlr/antlr/2.7.6/antlr-2.7.6.jar:/Users/dave/.m2/repository/cglib/cglib/2.1_3/cglib-2.1_3.jar:/Users/dave/.m2/repository/asm/asm/1.5.3/asm-1.5.3.jar:/Users/dave/.m2/repository/org/springframework/spring-dao/2.0.8/spring-dao-2.0.8.jar:"/>
    <property name="java.specification.name" value="Java Platform API Specification"/>
    <property name="java.class.version" value="50.0"/>
    <property name="sun.management.compiler" value="HotSpot 64-Bit Server Compiler"/>
    <property name="os.version" value="10.5.8"/>
    <property name="http.nonProxyHosts" value="local|*.local|169.254/16|*.169.254/16"/>
    <property name="user.home" value="/Users/dave"/>
    <property name="user.timezone" value="America/Chicago"/>
    <property name="java.awt.printerjob" value="apple.awt.CPrinterJob"/>
    <property name="java.specification.version" value="1.6"/>
    <property name="file.encoding" value="MacRoman"/>
    <property name="user.name" value="dave"/>
    <property name="java.class.path" value="/Users/dave/commons/my-webapp/target/test-classes:/Users/dave/commons/my-webapp/target/classes:/Users/dave/.m2/repository/junit/junit/4.8.1/junit-4.8.1.jar:/Users/dave/.m2/repository/commons-dbcp/commons-dbcp/1.4/commons-dbcp-1.4.jar:/Users/dave/.m2/repository/commons-pool/commons-pool/1.5.4/commons-pool-1.5.4.jar:/Users/dave/.m2/repository/hsqldb/hsqldb/1.8.0.7/hsqldb-1.8.0.7.jar:/Users/dave/.m2/repository/javax/transaction/jta/1.1/jta-1.1.jar:/Users/dave/.m2/repository/org/springframework/spring-webmvc/3.0.2.RELEASE/spring-webmvc-3.0.2.RELEASE.jar:/Users/dave/.m2/repository/org/springframework/spring-asm/3.0.2.RELEASE/spring-asm-3.0.2.RELEASE.jar:/Users/dave/.m2/repository/org/springframework/spring-beans/3.0.2.RELEASE/spring-beans-3.0.2.RELEASE.jar:/Users/dave/.m2/repository/org/springframework/spring-core/3.0.2.RELEASE/spring-core-3.0.2.RELEASE.jar:/Users/dave/.m2/repository/commons-logging/commons-logging/1.1/commons-logging-1.1.jar:/Users/dave/.m2/repository/org/springframework/spring-context/3.0.2.RELEASE/spring-context-3.0.2.RELEASE.jar:/Users/dave/.m2/repository/org/springframework/spring-aop/3.0.2.RELEASE/spring-aop-3.0.2.RELEASE.jar:/Users/dave/.m2/repository/aopalliance/aopalliance/1.0/aopalliance-1.0.jar:/Users/dave/.m2/repository/org/springframework/spring-expression/3.0.2.RELEASE/spring-expression-3.0.2.RELEASE.jar:/Users/dave/.m2/repository/org/springframework/spring-context-support/3.0.2.RELEASE/spring-context-support-3.0.2.RELEASE.jar:/Users/dave/.m2/repository/org/springframework/spring-web/3.0.2.RELEASE/spring-web-3.0.2.RELEASE.jar:/Users/dave/.m2/repository/org/springframework/spring-test/3.0.2.RELEASE/spring-test-3.0.2.RELEASE.jar:/Users/dave/.m2/repository/org/springframework/spring-jdbc/3.0.2.RELEASE/spring-jdbc-3.0.2.RELEASE.jar:/Users/dave/.m2/repository/org/springframework/spring-tx/3.0.2.RELEASE/spring-tx-3.0.2.RELEASE.jar:/Users/dave/.m2/repository/org/springframework/spring-orm/3.0.2.RELEASE/spring-orm-3.0.2.RELEASE.jar:/Users/dave/.m2/repository/org/springframework/spring-hibernate3/2.0.8/spring-hibernate3-2.0.8.jar:/Users/dave/.m2/repository/log4j/log4j/1.2.12/log4j-1.2.12.jar:/Users/dave/.m2/repository/logkit/logkit/1.0.1/logkit-1.0.1.jar:/Users/dave/.m2/repository/avalon-framework/avalon-framework/4.1.3/avalon-framework-4.1.3.jar:/Users/dave/.m2/repository/javax/servlet/servlet-api/2.3/servlet-api-2.3.jar:/Users/dave/.m2/repository/org/hibernate/hibernate/3.2.5.ga/hibernate-3.2.5.ga.jar:/Users/dave/.m2/repository/net/sf/ehcache/ehcache/1.2.3/ehcache-1.2.3.jar:/Users/dave/.m2/repository/commons-collections/commons-collections/2.1.1/commons-collections-2.1.1.jar:/Users/dave/.m2/repository/asm/asm-attrs/1.5.3/asm-attrs-1.5.3.jar:/Users/dave/.m2/repository/dom4j/dom4j/1.6.1/dom4j-1.6.1.jar:/Users/dave/.m2/repository/antlr/antlr/2.7.6/antlr-2.7.6.jar:/Users/dave/.m2/repository/cglib/cglib/2.1_3/cglib-2.1_3.jar:/Users/dave/.m2/repository/asm/asm/1.5.3/asm-1.5.3.jar:/Users/dave/.m2/repository/org/springframework/spring-dao/2.0.8/spring-dao-2.0.8.jar:"/>
    <property name="java.vm.specification.version" value="1.0"/>
    <property name="sun.arch.data.model" value="64"/>
    <property name="java.home" value="/System/Library/Frameworks/JavaVM.framework/Versions/1.6.0/Home"/>
    <property name="java.specification.vendor" value="Sun Microsystems Inc."/>
    <property name="user.language" value="en"/>
    <property name="awt.toolkit" value="apple.awt.CToolkit"/>
    <property name="java.vm.info" value="mixed mode"/>
    <property name="java.version" value="1.6.0_17"/>
    <property name="java.ext.dirs" value="/Library/Java/Extensions:/System/Library/Java/Extensions:/System/Library/Frameworks/JavaVM.framework/Versions/1.6.0/Home/lib/ext"/>
    <property name="sun.boot.class.path" value="/System/Library/Frameworks/JavaVM.framework/Versions/1.6.0/Classes/jsfd.jar:/System/Library/Frameworks/JavaVM.framework/Versions/1.6.0/Classes/classes.jar:/System/Library/Frameworks/JavaVM.framework/Frameworks/JavaRuntimeSupport.framework/Resources/Java/JavaRuntimeSupport.jar:/System/Library/Frameworks/JavaVM.framework/Versions/1.6.0/Classes/ui.jar:/System/Library/Frameworks/JavaVM.framework/Versions/1.6.0/Classes/laf.jar:/System/Library/Frameworks/JavaVM.framework/Versions/1.6.0/Classes/sunrsasign.jar:/System/Library/Frameworks/JavaVM.framework/Versions/1.6.0/Classes/jsse.jar:/System/Library/Frameworks/JavaVM.framework/Versions/1.6.0/Classes/jce.jar:/System/Library/Frameworks/JavaVM.framework/Versions/1.6.0/Classes/charsets.jar"/>
    <property name="java.vendor" value="Apple Inc."/>
    <property name="localRepository" value="/Users/dave/.m2/repository"/>
    <property name="file.separator" value="/"/>
    <property name="java.vendor.url.bug" value="http://bugreport.apple.com/"/>
    <property name="sun.cpu.endian" value="little"/>
    <property name="sun.io.unicode.encoding" value="UnicodeLittle"/>
    <property name="mrj.version" value="1050.1.6.0_17-248"/>
    <property name="socksNonProxyHosts" value="local|*.local|169.254/16|*.169.254/16"/>
    <property name="ftp.nonProxyHosts" value="local|*.local|169.254/16|*.169.254/16"/>
    <property name="sun.cpu.isalist" value=""/>
  </properties>
  <testcase time="1.853" classname="com.kesstec.PersonDaoTest" name="testSave"/>
</testsuite>